<?xml version="1.0" encoding="UTF-8"?>
<!-- Generated by org.testng.reporters.JUnitReportReporter -->
<testsuite hostname="MW7BUDE3XS83SN" name="com.java.arrays.TestLargest" tests="1" failures="0" timestamp="14 Sep 2015 17:04:24 GMT" time="0.039" errors="0">
  <testcase name="testmax" time="0.039" classname="com.java.arrays.TestLargest"/>
</testsuite> <!-- com.java.arrays.TestLargest -->
